<?xml version="1.0" encoding="UTF-8"?>
<!-- Generated by org.testng.reporters.JUnitXMLReporter -->
<testsuite hostname="DESKTOP-IJRRKJG" ignored="0" name="Test" tests="3" failures="0" timestamp="2021-11-27T18:53:46 IST" time="17.809" errors="0">
  <testcase name="loginTest1" time="0.039" classname="com.raaga.kolte.java.MyAppTest"/>
  <testcase name="loginTest2" time="0.001" classname="com.raaga.kolte.java.MyAppTest"/>
  <testcase name="loginTest" time="17.558" classname="com.raaga.kolte.java.TC_Login"/>
</testsuite> <!-- Test -->
