<?xml version="1.0" encoding="UTF-8"?>
<testng-results skipped="0" failed="0" ignored="0" total="3" passed="3">
  <reporter-output>
  </reporter-output>
  <suite name="Suite" duration-ms="17809" started-at="2021-11-27T18:53:29 IST" finished-at="2021-11-27T18:53:46 IST">
    <groups>
    </groups>
    <test name="Test" duration-ms="17809" started-at="2021-11-27T18:53:29 IST" finished-at="2021-11-27T18:53:46 IST">
      <class name="com.raaga.kolte.java.TC_Login">
        <test-method status="PASS" signature="loginTest()[pri:0, instance:com.raaga.kolte.java.TC_Login@16aaa8d]" name="loginTest" duration-ms="17558" started-at="2021-11-27T18:53:29 IST" finished-at="2021-11-27T18:53:46 IST">
          <reporter-output>
          </reporter-output>
        </test-method> <!-- loginTest -->
      </class> <!-- com.raaga.kolte.java.TC_Login -->
      <class name="com.raaga.kolte.java.MyAppTest">
        <test-method status="PASS" signature="loginTest1()[pri:0, instance:com.raaga.kolte.java.MyAppTest@186dec2]" name="loginTest1" duration-ms="39" started-at="2021-11-27T18:53:29 IST" finished-at="2021-11-27T18:53:29 IST">
          <reporter-output>
          </reporter-output>
        </test-method> <!-- loginTest1 -->
        <test-method status="PASS" signature="loginTest2()[pri:0, instance:com.raaga.kolte.java.MyAppTest@186dec2]" name="loginTest2" duration-ms="1" started-at="2021-11-27T18:53:29 IST" finished-at="2021-11-27T18:53:29 IST">
          <reporter-output>
          </reporter-output>
        </test-method> <!-- loginTest2 -->
      </class> <!-- com.raaga.kolte.java.MyAppTest -->
    </test> <!-- Test -->
  </suite> <!-- Suite -->
</testng-results>
