<?xml version="1.0" encoding="UTF-8"?>
<testng-results skipped="0" failed="0" ignored="0" total="2" passed="2">
  <reporter-output>
  </reporter-output>
  <suite name="Suite" duration-ms="216" started-at="2021-11-27T18:37:32 IST" finished-at="2021-11-27T18:37:32 IST">
    <groups>
    </groups>
    <test name="Test" duration-ms="216" started-at="2021-11-27T18:37:32 IST" finished-at="2021-11-27T18:37:32 IST">
      <class name="com.raaga.kolte.java.MyAppTest">
        <test-method status="PASS" signature="loginTest1()[pri:0, instance:com.raaga.kolte.java.MyAppTest@123ab24]" name="loginTest1" duration-ms="59" started-at="2021-11-27T18:37:32 IST" finished-at="2021-11-27T18:37:32 IST">
          <reporter-output>
          </reporter-output>
        </test-method> <!-- loginTest1 -->
        <test-method status="PASS" signature="loginTest2()[pri:0, instance:com.raaga.kolte.java.MyAppTest@123ab24]" name="loginTest2" duration-ms="2" started-at="2021-11-27T18:37:32 IST" finished-at="2021-11-27T18:37:32 IST">
          <reporter-output>
          </reporter-output>
        </test-method> <!-- loginTest2 -->
      </class> <!-- com.raaga.kolte.java.MyAppTest -->
    </test> <!-- Test -->
  </suite> <!-- Suite -->
</testng-results>
